{
  "RSpec": {
    "coverage": {
      "/Users/TimGill/Github/Makers_main/02_Week/oystercard_challenge_Kryzszstof/spec/oystercard_spec.rb": {
        "lines": [
          1,
          null,
          1,
          1,
          1,
          null,
          null,
          2,
          null,
          1,
          1,
          1,
          null,
          null,
          1,
          1,
          1,
          2,
          null,
          null,
          null,
          2,
          null,
          1,
          1,
          1,
          null,
          null,
          1,
          1,
          null,
          null,
          1,
          1,
          1,
          null,
          null,
          1,
          1,
          1,
          2,
          null,
          null
        ]
      },
      "/Users/TimGill/Github/Makers_main/02_Week/oystercard_challenge_Kryzszstof/lib/oystercard.rb": {
        "lines": [
          1,
          1,
          null,
          null,
          1,
          1,
          1,
          null,
          1,
          9,
          9,
          9,
          null,
          null,
          1,
          5,
          null,
          4,
          null,
          null,
          1,
          2,
          null,
          null,
          1,
          2,
          null,
          null,
          1,
          1,
          null,
          null,
          1,
          0,
          null,
          null,
          1,
          1,
          null,
          null,
          null,
          null
        ]
      }
    },
    "timestamp": 1602079194
  }
}
